host datastore workers random read size oio latency workload
win1 netapp-7disk-sp 3 100 100 1048576 1 84.806545 decision_support_db
win1 netapp-7disk-sp 3 100 100 1048576 1 85.363515 decision_support_db
win1 netapp-7disk-sp 3 80 80 8192 1 10.732569 workstations
win2 emc-5disk-sp 3 100 70 8192 1 8.166445 oltp_db
win2 emc-5disk-sp 3 100 100 1048576 1 32.597854 decision_support_db
win2 emc-5disk-sp 3 0 0 8192 1 0.732984 web_serber_log
win1 netapp-7disk-sp 4 0 0 8192 1 1.890164 web_serber_log
win1 netapp-7disk-sp 4 100 70 8192 1 11.882852 oltp_db
win1 netapp-7disk-sp 4 100 70 8192 1 11.774286 oltp_db
win1 netapp-7disk-sp 4 80 80 8192 1 10.655696 workstations
win2 emc-5disk-sp 3 75 95 65536 1 17.355675 web_file_server3
win2 emc-5disk-sp 3 100 100 1048576 1 39.324333 decision_support_db
win2 emc-5disk-sp 3 80 80 8192 1 11.686853 workstations
win1 netapp-7disk-sp 3 100 67 4096 1 11.183094 exchange_server
win1 netapp-7disk-sp 3 0 90 65536 1 2.807728 os_paging
win1 netapp-7disk-sp 3 100 67 4096 1 11.321629 exchange_server
win2 emc-5disk-sp 1 0 98 65536 1 0.877226 media_streaming
win1 netapp-7disk-sp 2 0 0 8192 1 1.077570 web_serber_log
win1 netapp-7disk-sp 2 100 70 8192 1 7.467379 oltp_db
win2 emc-5disk-sp 3 0 0 65536 1 1.183199 sql_server_log
win2 emc-5disk-sp 3 0 0 65536 1 1.187777 sql_server_log
win2 emc-5disk-sp 3 0 0 8192 1 0.940719 web_serber_log
win1 netapp-7disk-sp 4 75 95 65536 1 14.378431 web_file_server3
win1 netapp-7disk-sp 4 100 100 1048576 1 83.461608 decision_support_db
win1 netapp-7disk-sp 4 0 0 8192 1 0.807758 web_serber_log
win1 netapp-7disk-sp 4 0 0 8192 1 0.807384 web_serber_log
win2 emc-5disk-sp 4 0 98 65536 1 1.746729 media_streaming
win2 emc-5disk-sp 4 80 80 8192 1 11.555133 workstations
win2 emc-5disk-sp 4 75 95 65536 1 18.032807 web_file_server3
win2 emc-5disk-sp 4 100 67 4096 1 11.207337 exchange_server
win1 netapp-7disk-sp 3 75 95 65536 1 13.934644 web_file_server3
win1 netapp-7disk-sp 3 0 98 65536 1 2.377064 media_streaming
win1 netapp-7disk-sp 3 75 95 8192 1 10.677234 web_file_server2
win2 emc-5disk-sp 4 100 100 1048576 1 54.309670 decision_support_db
win2 emc-5disk-sp 4 0 98 65536 1 2.042118 media_streaming
win2 emc-5disk-sp 4 100 67 4096 1 13.056159 exchange_server
win2 emc-5disk-sp 4 75 95 65536 1 27.395815 web_file_server3
win1 netapp-7disk-sp 4 0 0 65536 1 3.026039 sql_server_log
win1 netapp-7disk-sp 4 0 98 65536 1 3.026997 media_streaming
win1 netapp-7disk-sp 4 75 95 4096 1 14.177235 web_file_server1
win1 netapp-7disk-sp 4 75 95 8192 1 14.702082 web_file_server2
win2 emc-5disk-sp 2 0 0 65536 1 1.065647 sql_server_log
win2 emc-5disk-sp 2 100 70 8192 1 6.273171 oltp_db
win1 netapp-7disk-sp 3 0 0 8192 1 1.039079 web_serber_log
win1 netapp-7disk-sp 3 0 0 65536 1 2.196673 sql_server_log
win1 netapp-7disk-sp 3 100 70 8192 1 16.625928 oltp_db
win2 emc-5disk-sp 4 80 80 8192 1 14.982074 workstations
win2 emc-5disk-sp 4 0 98 65536 1 2.205782 media_streaming
win2 emc-5disk-sp 4 100 100 1048576 1 53.681376 decision_support_db
win2 emc-5disk-sp 4 80 80 8192 1 15.161360 workstations
win1 netapp-7disk-sp 3 75 95 4096 1 11.685829 web_file_server1
win1 netapp-7disk-sp 3 100 100 1048576 1 79.311157 decision_support_db
win1 netapp-7disk-sp 3 0 0 8192 1 0.875915 web_serber_log
win2 emc-5disk-sp 3 80 80 8192 1 6.468228 workstations
win2 emc-5disk-sp 3 75 95 65536 1 9.871796 web_file_server3
win2 emc-5disk-sp 3 80 80 8192 1 6.502097 workstations
win1 netapp-7disk-sp 4 0 0 8192 1 0.992199 web_serber_log
win1 netapp-7disk-sp 4 0 0 65536 1 2.360985 sql_server_log
win1 netapp-7disk-sp 4 100 67 4096 1 18.329124 exchange_server
win1 netapp-7disk-sp 4 0 0 8192 1 0.991989 web_serber_log
win2 emc-5disk-sp 4 100 67 4096 1 10.603659 exchange_server
win2 emc-5disk-sp 4 75 95 8192 1 13.286512 web_file_server2
win2 emc-5disk-sp 4 0 98 65536 1 1.868398 media_streaming
win2 emc-5disk-sp 4 75 95 65536 1 19.617577 web_file_server3
win1 netapp-7disk-sp 3 80 80 8192 1 11.547735 workstations
win1 netapp-7disk-sp 3 0 98 65536 1 1.677580 media_streaming
win1 netapp-7disk-sp 3 0 98 65536 1 1.678488 media_streaming
win2 emc-5disk-sp 3 75 95 65536 1 19.568539 web_file_server3
win2 emc-5disk-sp 3 75 95 65536 1 20.119520 web_file_server3
win2 emc-5disk-sp 3 0 90 65536 1 1.917394 os_paging
win1 netapp-7disk-sp 3 0 90 65536 1 1.669507 os_paging
win1 netapp-7disk-sp 3 0 98 65536 1 1.669812 media_streaming
win1 netapp-7disk-sp 3 75 95 4096 1 11.761583 web_file_server1
win2 emc-5disk-sp 4 100 70 8192 1 14.999718 oltp_db
win2 emc-5disk-sp 4 100 100 1048576 1 53.800661 decision_support_db
win2 emc-5disk-sp 4 100 67 4096 1 13.866623 exchange_server
win2 emc-5disk-sp 4 0 90 65536 1 2.377631 os_paging
win1 netapp-7disk-sp 3 100 67 4096 1 11.047791 exchange_server
win1 netapp-7disk-sp 3 0 90 65536 1 1.774026 os_paging
win1 netapp-7disk-sp 3 75 95 4096 1 11.954727 web_file_server1
win2 emc-5disk-sp 3 0 98 65536 1 1.685846 media_streaming
win2 emc-5disk-sp 3 75 95 8192 1 10.917780 web_file_server2
win2 emc-5disk-sp 3 75 95 65536 1 15.984236 web_file_server3
win1 netapp-7disk-sp 2 75 95 65536 1 13.727384 web_file_server3
win1 netapp-7disk-sp 2 0 90 65536 1 1.769125 os_paging
win2 emc-5disk-sp 3 100 100 1048576 1 59.556845 decision_support_db
win2 emc-5disk-sp 3 100 70 8192 1 14.228245 oltp_db
win2 emc-5disk-sp 3 0 0 65536 1 1.152907 sql_server_log
win1 netapp-7disk-sp 3 0 0 65536 1 2.276360 sql_server_log
win1 netapp-7disk-sp 3 100 70 8192 1 16.762091 oltp_db
win1 netapp-7disk-sp 3 100 70 8192 1 16.729500 oltp_db
win2 emc-5disk-sp 3 100 100 1048576 1 50.521560 decision_support_db
win2 emc-5disk-sp 3 100 100 1048576 1 59.729172 decision_support_db
win2 emc-5disk-sp 3 75 95 8192 1 15.066276 web_file_server2
win1 netapp-7disk-sp 4 100 67 4096 1 9.104146 exchange_server
win1 netapp-7disk-sp 4 75 95 4096 1 10.875477 web_file_server1
win1 netapp-7disk-sp 4 75 95 4096 1 10.684535 web_file_server1
win1 netapp-7disk-sp 4 100 100 1048576 1 93.235056 decision_support_db
win2 emc-5disk-sp 4 100 100 1048576 1 59.996118 decision_support_db
win2 emc-5disk-sp 4 75 95 65536 1 30.613881 web_file_server3
win2 emc-5disk-sp 4 0 98 65536 1 2.627398 media_streaming
win2 emc-5disk-sp 4 0 0 65536 1 2.628209 sql_server_log
win1 netapp-7disk-sp 4 0 90 65536 1 1.823914 os_paging
win1 netapp-7disk-sp 4 80 80 8192 1 12.417133 workstations
win1 netapp-7disk-sp 4 100 70 8192 1 13.343652 oltp_db
win1 netapp-7disk-sp 4 100 67 4096 1 13.373852 exchange_server
win2 emc-5disk-sp 3 75 95 65536 1 9.230183 web_file_server3
win2 emc-5disk-sp 3 75 95 8192 1 6.979268 web_file_server2
win2 emc-5disk-sp 3 75 95 4096 1 7.385307 web_file_server1
win1 netapp-7disk-sp 2 0 0 65536 1 1.783292 sql_server_log
win1 netapp-7disk-sp 2 100 70 8192 1 12.776058 oltp_db
win2 emc-5disk-sp 3 0 90 65536 1 1.495709 os_paging
win2 emc-5disk-sp 3 75 95 8192 1 9.701516 web_file_server2
win2 emc-5disk-sp 3 75 95 8192 1 9.371459 web_file_server2
win1 netapp-7disk-sp 4 75 95 8192 1 9.972013 web_file_server2
win1 netapp-7disk-sp 4 80 80 8192 1 9.257517 workstations
win1 netapp-7disk-sp 4 75 95 65536 1 13.129405 web_file_server3
win1 netapp-7disk-sp 4 100 70 8192 1 8.801956 oltp_db
win2 emc-5disk-sp 3 100 70 8192 1 6.757330 oltp_db
win2 emc-5disk-sp 3 0 0 65536 1 1.227544 sql_server_log
win2 emc-5disk-sp 3 0 0 65536 1 1.228402 sql_server_log
win1 netapp-7disk-sp 3 100 100 1048576 1 147.142088 decision_support_db
win1 netapp-7disk-sp 3 0 0 65536 1 1.260311 sql_server_log
win1 netapp-7disk-sp 3 0 0 65536 1 1.260300 sql_server_log
win2 emc-5disk-sp 3 75 95 8192 1 6.688757 web_file_server2
win2 emc-5disk-sp 3 100 70 8192 1 6.177518 oltp_db
win2 emc-5disk-sp 3 75 95 8192 1 6.629249 web_file_server2
win1 netapp-7disk-sp 2 100 67 4096 1 7.785999 exchange_server
win1 netapp-7disk-sp 2 0 0 8192 1 1.059552 web_serber_log
win2 emc-5disk-sp 3 75 95 65536 1 9.522800 web_file_server3
win2 emc-5disk-sp 3 75 95 8192 1 7.259734 web_file_server2
win2 emc-5disk-sp 3 100 70 8192 1 6.965611 oltp_db
win1 netapp-7disk-sp 3 75 95 65536 1 15.338188 web_file_server3
win1 netapp-7disk-sp 3 0 0 8192 1 0.849148 web_serber_log
win1 netapp-7disk-sp 3 0 90 65536 1 1.640836 os_paging
win2 emc-5disk-sp 3 100 70 8192 1 10.707130 oltp_db
win2 emc-5disk-sp 3 75 95 8192 1 10.451076 web_file_server2
win2 emc-5disk-sp 3 0 90 65536 1 1.702358 os_paging
win1 netapp-7disk-sp 4 100 70 8192 1 12.962101 oltp_db
win1 netapp-7disk-sp 4 100 70 8192 1 12.810785 oltp_db
win1 netapp-7disk-sp 4 0 0 8192 1 1.033366 web_serber_log
win1 netapp-7disk-sp 4 75 95 8192 1 10.815298 web_file_server2
win2 emc-5disk-sp 3 75 95 65536 1 22.697247 web_file_server3
win2 emc-5disk-sp 3 100 100 1048576 1 40.753062 decision_support_db
win2 emc-5disk-sp 3 0 0 8192 1 0.814058 web_serber_log
win1 netapp-7disk-sp 3 0 98 65536 1 1.614669 media_streaming
win1 netapp-7disk-sp 3 80 80 8192 1 9.592509 workstations
win1 netapp-7disk-sp 3 100 70 8192 1 9.142165 oltp_db
win2 emc-5disk-sp 2 100 70 8192 1 4.409444 oltp_db
win2 emc-5disk-sp 2 0 0 8192 1 0.729181 web_serber_log
win1 netapp-7disk-sp 3 0 98 65536 1 1.522621 media_streaming
win1 netapp-7disk-sp 3 75 95 4096 1 9.428816 web_file_server1
win1 netapp-7disk-sp 3 75 95 4096 1 9.406807 web_file_server1
win2 emc-5disk-sp 3 75 95 65536 1 16.279237 web_file_server3
win2 emc-5disk-sp 3 0 90 65536 1 1.872672 os_paging
win2 emc-5disk-sp 3 0 0 65536 1 1.796736 sql_server_log
win1 netapp-7disk-sp 3 75 95 4096 1 10.004732 web_file_server1
win1 netapp-7disk-sp 3 75 95 8192 1 10.281384 web_file_server2
win1 netapp-7disk-sp 3 0 90 65536 1 1.733122 os_paging
win2 emc-5disk-sp 3 0 0 8192 1 0.797023 web_serber_log
win2 emc-5disk-sp 3 75 95 65536 1 20.477771 web_file_server3
win2 emc-5disk-sp 3 0 98 65536 1 1.735801 media_streaming
win1 netapp-7disk-sp 4 75 95 8192 1 20.391555 web_file_server2
win1 netapp-7disk-sp 4 0 0 65536 1 1.285163 sql_server_log
win1 netapp-7disk-sp 4 75 95 8192 1 20.422212 web_file_server2
win1 netapp-7disk-sp 4 0 0 65536 1 1.285404 sql_server_log
win2 emc-5disk-sp 4 0 98 65536 1 1.505267 media_streaming
win2 emc-5disk-sp 4 100 67 4096 1 10.085052 exchange_server
win2 emc-5disk-sp 4 0 98 65536 1 1.507896 media_streaming
win2 emc-5disk-sp 4 0 98 65536 1 1.508366 media_streaming
win1 netapp-7disk-sp 3 100 100 1048576 1 80.414753 decision_support_db
win1 netapp-7disk-sp 3 100 70 8192 1 9.659208 oltp_db
win1 netapp-7disk-sp 3 75 95 8192 1 10.726615 web_file_server2
win2 emc-5disk-sp 4 100 70 8192 1 9.841229 oltp_db
win2 emc-5disk-sp 4 100 100 1048576 1 45.349172 decision_support_db
win2 emc-5disk-sp 4 75 95 4096 1 11.030954 web_file_server1
win2 emc-5disk-sp 4 100 70 8192 1 10.192950 oltp_db
win1 netapp-7disk-sp 4 0 90 65536 1 1.663244 os_paging
win1 netapp-7disk-sp 4 0 0 8192 1 1.198670 web_serber_log
win1 netapp-7disk-sp 4 0 98 65536 1 1.662588 media_streaming
win1 netapp-7disk-sp 4 80 80 8192 1 11.088609 workstations
win2 emc-5disk-sp 2 100 67 4096 1 4.699250 exchange_server
win2 emc-5disk-sp 2 75 95 8192 1 5.624724 web_file_server2
win1 netapp-7disk-sp 4 0 98 65536 1 1.845689 media_streaming
win1 netapp-7disk-sp 4 0 0 8192 1 1.074173 web_serber_log
win1 netapp-7disk-sp 4 75 95 65536 1 17.459697 web_file_server3
win1 netapp-7disk-sp 4 75 95 8192 1 13.508957 web_file_server2
win2 emc-5disk-sp 3 75 95 65536 1 18.107990 web_file_server3
win2 emc-5disk-sp 3 0 0 8192 1 0.737521 web_serber_log
win2 emc-5disk-sp 3 100 100 1048576 1 39.146019 decision_support_db
win1 netapp-7disk-sp 3 75 95 4096 1 8.467088 web_file_server1
win1 netapp-7disk-sp 3 75 95 8192 1 8.884112 web_file_server2
win1 netapp-7disk-sp 3 75 95 65536 1 11.493532 web_file_server3
win2 emc-5disk-sp 2 75 95 8192 1 5.715646 web_file_server2
win2 emc-5disk-sp 2 75 95 8192 1 5.555800 web_file_server2
win1 netapp-7disk-sp 4 0 0 65536 1 2.441711 sql_server_log
win1 netapp-7disk-sp 4 75 95 65536 1 19.673447 web_file_server3
win1 netapp-7disk-sp 4 0 90 65536 1 2.441179 os_paging
win1 netapp-7disk-sp 4 0 0 65536 1 2.441188 sql_server_log
win2 emc-5disk-sp 3 100 100 1048576 1 38.224880 decision_support_db
win2 emc-5disk-sp 3 80 80 8192 1 10.923730 workstations
win2 emc-5disk-sp 3 80 80 8192 1 11.707346 workstations
win1 netapp-7disk-sp 4 0 0 65536 1 1.657264 sql_server_log
win1 netapp-7disk-sp 4 0 0 8192 1 0.985526 web_serber_log
win1 netapp-7disk-sp 4 80 80 8192 1 21.918708 workstations
win1 netapp-7disk-sp 4 75 95 4096 1 21.628542 web_file_server1
win2 emc-5disk-sp 3 75 95 4096 1 4.962114 web_file_server1
win2 emc-5disk-sp 3 0 0 8192 1 0.739344 web_serber_log
win2 emc-5disk-sp 3 75 95 8192 1 5.172227 web_file_server2
win1 netapp-7disk-sp 3 100 67 4096 1 15.705724 exchange_server
win1 netapp-7disk-sp 3 0 0 65536 1 2.638497 sql_server_log
win1 netapp-7disk-sp 3 75 95 8192 1 14.880874 web_file_server2
win2 emc-5disk-sp 3 80 80 8192 1 6.806910 workstations
win2 emc-5disk-sp 3 75 95 8192 1 6.840585 web_file_server2
win2 emc-5disk-sp 3 100 70 8192 1 6.148675 oltp_db
win1 netapp-7disk-sp 1 100 100 1048576 1 58.715556 decision_support_db
win2 emc-5disk-sp 4 0 0 65536 1 2.154934 sql_server_log
win2 emc-5disk-sp 4 100 100 1048576 1 63.204113 decision_support_db
win2 emc-5disk-sp 4 80 80 8192 1 15.408256 workstations
win2 emc-5disk-sp 4 0 90 65536 1 2.163281 os_paging
win1 netapp-7disk-sp 2 80 80 8192 1 9.906940 workstations
win1 netapp-7disk-sp 2 0 90 65536 1 1.429472 os_paging
win2 emc-5disk-sp 3 100 100 1048576 1 46.688008 decision_support_db
win2 emc-5disk-sp 3 75 95 65536 1 26.987310 web_file_server3
win2 emc-5disk-sp 3 0 90 65536 1 1.845925 os_paging
win1 netapp-7disk-sp 4 0 90 65536 1 1.770477 os_paging
win1 netapp-7disk-sp 4 75 95 65536 1 18.137861 web_file_server3
win1 netapp-7disk-sp 4 0 98 65536 1 1.770881 media_streaming
win1 netapp-7disk-sp 4 0 0 8192 1 0.858453 web_serber_log
win2 emc-5disk-sp 4 0 90 65536 1 1.664930 os_paging
win2 emc-5disk-sp 4 80 80 8192 1 10.674087 workstations
win2 emc-5disk-sp 4 75 95 65536 1 20.348492 web_file_server3
win2 emc-5disk-sp 4 75 95 4096 1 11.122535 web_file_server1
win1 netapp-7disk-sp 4 100 100 1048576 1 129.139145 decision_support_db
win1 netapp-7disk-sp 4 0 0 65536 1 2.463974 sql_server_log
win1 netapp-7disk-sp 4 0 90 65536 1 2.463832 os_paging
win1 netapp-7disk-sp 4 0 98 65536 1 2.464019 media_streaming
win2 emc-5disk-sp 2 100 67 4096 1 4.243627 exchange_server
win2 emc-5disk-sp 2 0 0 8192 1 0.724803 web_serber_log
win1 netapp-7disk-sp 4 0 0 65536 1 2.189016 sql_server_log
win1 netapp-7disk-sp 4 0 90 65536 1 2.189775 os_paging
win1 netapp-7disk-sp 4 75 95 65536 1 26.426667 web_file_server3
win1 netapp-7disk-sp 4 0 0 65536 1 2.188205 sql_server_log
win2 emc-5disk-sp 3 0 0 65536 1 1.807840 sql_server_log
win2 emc-5disk-sp 3 0 90 65536 1 1.833001 os_paging
win2 emc-5disk-sp 3 100 70 8192 1 10.651009 oltp_db
win1 netapp-7disk-sp 3 100 67 4096 1 9.529570 exchange_server
win1 netapp-7disk-sp 3 80 80 8192 1 9.940079 workstations
win1 netapp-7disk-sp 3 100 70 8192 1 9.979696 oltp_db
win2 emc-5disk-sp 3 100 67 4096 1 5.857597 exchange_server
win2 emc-5disk-sp 3 80 80 8192 1 6.922846 workstations
win2 emc-5disk-sp 3 75 95 65536 1 9.033836 web_file_server3
win1 netapp-7disk-sp 3 0 0 8192 1 1.131442 web_serber_log
win1 netapp-7disk-sp 3 75 95 65536 1 12.600361 web_file_server3
win1 netapp-7disk-sp 3 100 70 8192 1 9.658304 oltp_db
win2 emc-5disk-sp 2 0 0 8192 1 0.897179 web_serber_log
win2 emc-5disk-sp 2 100 100 1048576 1 20.125635 decision_support_db
win1 netapp-7disk-sp 4 75 95 8192 1 11.110954 web_file_server2
win1 netapp-7disk-sp 4 0 0 65536 1 3.027296 sql_server_log
win1 netapp-7disk-sp 4 100 67 4096 1 10.852723 exchange_server
win1 netapp-7disk-sp 4 0 0 65536 1 3.025738 sql_server_log
win2 emc-5disk-sp 4 75 95 65536 1 16.137420 web_file_server3
win2 emc-5disk-sp 4 0 0 65536 1 1.263532 sql_server_log
win2 emc-5disk-sp 4 75 95 8192 1 10.305111 web_file_server2
win2 emc-5disk-sp 4 75 95 65536 1 13.592476 web_file_server3
win1 netapp-7disk-sp 4 100 100 1048576 1 128.841243 decision_support_db
win1 netapp-7disk-sp 4 80 80 8192 1 14.356367 workstations
win1 netapp-7disk-sp 4 80 80 8192 1 14.065401 workstations
win1 netapp-7disk-sp 4 0 0 65536 1 2.839673 sql_server_log
win2 emc-5disk-sp 3 75 95 8192 1 9.178196 web_file_server2
win2 emc-5disk-sp 3 0 0 65536 1 1.150741 sql_server_log
win2 emc-5disk-sp 3 75 95 65536 1 10.697327 web_file_server3
win1 netapp-7disk-sp 3 75 95 8192 1 10.514121 web_file_server2
win1 netapp-7disk-sp 3 0 98 65536 1 1.539775 media_streaming
win1 netapp-7disk-sp 3 0 0 8192 1 0.893408 web_serber_log
win2 emc-5disk-sp 3 0 0 8192 1 0.899149 web_serber_log
win2 emc-5disk-sp 3 80 80 8192 1 6.742581 workstations
win2 emc-5disk-sp 3 0 0 65536 1 1.234769 sql_server_log
win1 netapp-7disk-sp 3 75 95 65536 1 14.460735 web_file_server3
win1 netapp-7disk-sp 3 100 100 1048576 1 83.482592 decision_support_db
win1 netapp-7disk-sp 3 75 95 4096 1 10.776571 web_file_server1
win2 emc-5disk-sp 3 75 95 4096 1 8.069485 web_file_server1
win2 emc-5disk-sp 3 100 67 4096 1 7.017651 exchange_server
win2 emc-5disk-sp 3 0 0 65536 1 1.219442 sql_server_log
win1 netapp-7disk-sp 3 80 80 8192 1 8.030704 workstations
win1 netapp-7disk-sp 3 75 95 65536 1 11.672496 web_file_server3
win1 netapp-7disk-sp 3 75 95 4096 1 8.401645 web_file_server1
win2 emc-5disk-sp 4 100 100 1048576 1 45.128155 decision_support_db
win2 emc-5disk-sp 4 0 98 65536 1 2.099740 media_streaming
win2 emc-5disk-sp 4 0 98 65536 1 2.097965 media_streaming
win2 emc-5disk-sp 4 0 0 8192 1 2.247978 web_serber_log
win1 netapp-7disk-sp 3 100 100 1048576 1 92.404505 decision_support_db
win1 netapp-7disk-sp 3 100 67 4096 1 8.638591 exchange_server
win1 netapp-7disk-sp 3 100 67 4096 1 8.414173 exchange_server
win2 emc-5disk-sp 4 100 100 1048576 1 72.957455 decision_support_db
win2 emc-5disk-sp 4 100 100 1048576 1 73.988114 decision_support_db
win2 emc-5disk-sp 4 100 100 1048576 1 74.849850 decision_support_db
win2 emc-5disk-sp 4 100 67 4096 1 30.191676 exchange_server
win1 netapp-7disk-sp 2 0 0 65536 1 1.242502 sql_server_log
win1 netapp-7disk-sp 2 75 95 65536 1 22.894636 web_file_server3
win2 emc-5disk-sp 4 100 67 4096 1 8.027616 exchange_server
win2 emc-5disk-sp 4 75 95 8192 1 9.582178 web_file_server2
win2 emc-5disk-sp 4 0 0 65536 1 1.234660 sql_server_log
win2 emc-5disk-sp 4 100 70 8192 1 9.458093 oltp_db
win1 netapp-7disk-sp 4 100 100 1048576 1 119.362620 decision_support_db
win1 netapp-7disk-sp 4 75 95 8192 1 13.828702 web_file_server2
win1 netapp-7disk-sp 4 100 70 8192 1 14.314420 oltp_db
win1 netapp-7disk-sp 4 0 0 65536 1 3.394810 sql_server_log
win2 emc-5disk-sp 4 100 67 4096 1 7.550451 exchange_server
win2 emc-5disk-sp 4 100 67 4096 1 7.666755 exchange_server
win2 emc-5disk-sp 4 0 0 65536 1 1.205982 sql_server_log
win2 emc-5disk-sp 4 80 80 8192 1 9.311383 workstations
win1 netapp-7disk-sp 4 0 98 65536 1 2.320681 media_streaming
win1 netapp-7disk-sp 4 75 95 65536 1 21.894398 web_file_server3
win1 netapp-7disk-sp 4 0 0 65536 1 2.320946 sql_server_log
win1 netapp-7disk-sp 4 100 70 8192 1 14.711916 oltp_db
win2 emc-5disk-sp 2 0 90 65536 1 1.088223 os_paging
win2 emc-5disk-sp 2 0 90 65536 1 1.086756 os_paging
win1 netapp-7disk-sp 3 0 0 65536 1 2.071548 sql_server_log
win1 netapp-7disk-sp 3 75 95 65536 1 20.766543 web_file_server3
win1 netapp-7disk-sp 3 0 90 65536 1 2.071208 os_paging
win2 emc-5disk-sp 2 100 70 8192 1 5.124553 oltp_db
win2 emc-5disk-sp 2 100 70 8192 1 5.444739 oltp_db
win1 netapp-7disk-sp 3 0 0 65536 1 1.340337 sql_server_log
win1 netapp-7disk-sp 3 0 0 65536 1 1.340470 sql_server_log
win1 netapp-7disk-sp 3 75 95 4096 1 17.498433 web_file_server1
win2 emc-5disk-sp 3 0 0 8192 1 0.709148 web_serber_log
win2 emc-5disk-sp 3 75 95 8192 1 6.570223 web_file_server2
win2 emc-5disk-sp 3 75 95 8192 1 6.580213 web_file_server2
win1 netapp-7disk-sp 4 75 95 8192 1 15.813030 web_file_server2
win1 netapp-7disk-sp 4 75 95 8192 1 15.741104 web_file_server2
win1 netapp-7disk-sp 4 100 100 1048576 1 106.916682 decision_support_db
win1 netapp-7disk-sp 4 0 98 65536 1 1.734643 media_streaming
win2 emc-5disk-sp 4 100 100 1048576 1 75.650170 decision_support_db
win2 emc-5disk-sp 4 0 90 65536 1 2.530392 os_paging
win2 emc-5disk-sp 4 100 67 4096 1 14.803782 exchange_server
win2 emc-5disk-sp 4 100 100 1048576 1 55.029367 decision_support_db
win1 netapp-7disk-sp 2 80 80 8192 1 10.067578 workstations
win1 netapp-7disk-sp 2 0 90 65536 1 1.377983 os_paging
win2 emc-5disk-sp 4 0 98 65536 1 1.996615 media_streaming
win2 emc-5disk-sp 4 75 95 4096 1 16.901198 web_file_server1
win2 emc-5disk-sp 4 100 100 1048576 1 55.562000 decision_support_db
win2 emc-5disk-sp 4 75 95 65536 1 25.359817 web_file_server3
win1 netapp-7disk-sp 3 100 67 4096 1 14.678626 exchange_server
win1 netapp-7disk-sp 3 0 98 65536 1 2.247935 media_streaming
win1 netapp-7disk-sp 3 0 0 65536 1 2.248156 sql_server_log
win2 emc-5disk-sp 2 80 80 8192 1 5.681007 workstations
win2 emc-5disk-sp 2 75 95 8192 1 5.870622 web_file_server2
win1 netapp-7disk-sp 3 0 0 65536 1 1.876851 sql_server_log
win1 netapp-7disk-sp 3 100 70 8192 1 14.742966 oltp_db
win1 netapp-7disk-sp 3 75 95 8192 1 15.398977 web_file_server2
win2 emc-5disk-sp 3 75 95 65536 1 11.015020 web_file_server3
win2 emc-5disk-sp 3 75 95 65536 1 11.083272 web_file_server3
win2 emc-5disk-sp 3 75 95 65536 1 12.367279 web_file_server3
win1 netapp-7disk-sp 4 75 95 65536 1 16.096708 web_file_server3
win1 netapp-7disk-sp 4 75 95 65536 1 16.300938 web_file_server3
win1 netapp-7disk-sp 4 100 100 1048576 1 101.946699 decision_support_db
win1 netapp-7disk-sp 4 75 95 8192 1 12.049996 web_file_server2
win2 emc-5disk-sp 2 80 80 8192 1 4.418846 workstations
win2 emc-5disk-sp 2 100 67 4096 1 4.166012 exchange_server
win1 netapp-7disk-sp 4 0 0 8192 1 1.090332 web_serber_log
win1 netapp-7disk-sp 4 75 95 4096 1 9.186042 web_file_server1
win1 netapp-7disk-sp 4 75 95 4096 1 9.301504 web_file_server1
win1 netapp-7disk-sp 4 75 95 8192 1 9.816286 web_file_server2
win2 emc-5disk-sp 3 0 98 65536 1 1.594674 media_streaming
win2 emc-5disk-sp 3 100 67 4096 1 10.564124 exchange_server
win2 emc-5disk-sp 3 75 95 4096 1 10.491963 web_file_server1
win1 netapp-7disk-sp 4 0 0 8192 1 0.891450 web_serber_log
win1 netapp-7disk-sp 4 0 98 65536 1 1.429988 media_streaming
win1 netapp-7disk-sp 4 0 98 65536 1 1.429614 media_streaming
win1 netapp-7disk-sp 4 0 98 65536 1 1.429744 media_streaming
win2 emc-5disk-sp 4 0 98 65536 1 1.781608 media_streaming
win2 emc-5disk-sp 4 0 0 8192 1 0.825916 web_serber_log
win2 emc-5disk-sp 4 75 95 65536 1 20.342058 web_file_server3
win2 emc-5disk-sp 4 100 70 8192 1 10.362932 oltp_db
win1 netapp-7disk-sp 2 0 0 8192 1 0.863194 web_serber_log
win1 netapp-7disk-sp 2 75 95 65536 1 12.925628 web_file_server3
win2 emc-5disk-sp 4 75 95 4096 1 10.591795 web_file_server1
win2 emc-5disk-sp 4 0 98 65536 1 1.606898 media_streaming
win2 emc-5disk-sp 4 100 70 8192 1 11.140712 oltp_db
win2 emc-5disk-sp 4 75 95 8192 1 10.949007 web_file_server2
win1 netapp-7disk-sp 3 0 0 65536 1 1.215582 sql_server_log
win1 netapp-7disk-sp 3 0 0 8192 1 0.912501 web_serber_log
win1 netapp-7disk-sp 3 75 95 8192 1 35.974232 web_file_server2
win2 emc-5disk-sp 3 0 90 65536 1 1.521696 os_paging
win2 emc-5disk-sp 3 0 98 65536 1 1.525203 media_streaming
win2 emc-5disk-sp 3 80 80 8192 1 11.648696 workstations
win1 netapp-7disk-sp 3 75 95 4096 1 8.963113 web_file_server1
win1 netapp-7disk-sp 3 75 95 4096 1 8.909300 web_file_server1
win1 netapp-7disk-sp 3 75 95 8192 1 9.309980 web_file_server2
win2 emc-5disk-sp 4 100 70 8192 1 6.382708 oltp_db
win2 emc-5disk-sp 4 75 95 8192 1 7.381214 web_file_server2
win2 emc-5disk-sp 4 75 95 4096 1 7.089243 web_file_server1
win2 emc-5disk-sp 4 100 67 4096 1 6.731421 exchange_server
win1 netapp-7disk-sp 4 0 90 65536 1 1.936953 os_paging
win1 netapp-7disk-sp 4 80 80 8192 1 11.794753 workstations
win1 netapp-7disk-sp 4 80 80 8192 1 11.682017 workstations
win1 netapp-7disk-sp 4 100 67 4096 1 11.198489 exchange_server
win2 emc-5disk-sp 4 75 95 65536 1 19.218914 web_file_server3
win2 emc-5disk-sp 4 100 100 1048576 1 44.697838 decision_support_db
win2 emc-5disk-sp 4 75 95 4096 1 13.566093 web_file_server1
win2 emc-5disk-sp 4 80 80 8192 1 13.746617 workstations
win1 netapp-7disk-sp 3 75 95 65536 1 14.316194 web_file_server3
win1 netapp-7disk-sp 3 0 98 65536 1 1.553170 media_streaming
win1 netapp-7disk-sp 3 75 95 4096 1 10.009521 web_file_server1
win2 emc-5disk-sp 3 80 80 8192 1 5.200461 workstations
win2 emc-5disk-sp 3 75 95 4096 1 5.544500 web_file_server1
win2 emc-5disk-sp 3 100 70 8192 1 5.072061 oltp_db
win1 netapp-7disk-sp 4 0 98 65536 1 1.840161 media_streaming
win1 netapp-7disk-sp 4 75 95 4096 1 11.429759 web_file_server1
win1 netapp-7disk-sp 4 100 70 8192 1 10.453179 oltp_db
win1 netapp-7disk-sp 4 100 67 4096 1 9.910654 exchange_server
win2 emc-5disk-sp 4 0 98 65536 1 1.696398 media_streaming
win2 emc-5disk-sp 4 100 67 4096 1 11.538964 exchange_server
win2 emc-5disk-sp 4 80 80 8192 1 12.307820 workstations
win2 emc-5disk-sp 4 0 98 65536 1 1.695857 media_streaming
win1 netapp-7disk-sp 3 75 95 8192 1 10.453693 web_file_server2
win1 netapp-7disk-sp 3 0 98 65536 1 1.742342 media_streaming
win1 netapp-7disk-sp 3 100 67 4096 1 8.383051 exchange_server
win2 emc-5disk-sp 3 0 98 65536 1 1.740005 media_streaming
win2 emc-5disk-sp 3 0 0 65536 1 1.878889 sql_server_log
win2 emc-5disk-sp 3 0 0 8192 1 1.342508 web_serber_log
win1 netapp-7disk-sp 3 0 0 65536 1 1.507022 sql_server_log
win1 netapp-7disk-sp 3 80 80 8192 1 20.684772 workstations
win1 netapp-7disk-sp 3 100 100 1048576 1 181.983497 decision_support_db
win2 emc-5disk-sp 3 100 67 4096 1 9.595803 exchange_server
win2 emc-5disk-sp 3 0 90 65536 1 1.702533 os_paging
win2 emc-5disk-sp 3 75 95 65536 1 16.356737 web_file_server3
win1 netapp-7disk-sp 4 75 95 8192 1 9.889230 web_file_server2
win1 netapp-7disk-sp 4 100 67 4096 1 11.755139 exchange_server
win1 netapp-7disk-sp 4 100 70 8192 1 11.994378 oltp_db
win1 netapp-7disk-sp 4 0 0 8192 1 1.244943 web_serber_log
win2 emc-5disk-sp 4 100 67 4096 1 10.466730 exchange_server
win2 emc-5disk-sp 4 0 90 65536 1 1.662158 os_paging
win2 emc-5disk-sp 4 80 80 8192 1 13.484046 workstations
win2 emc-5disk-sp 4 0 90 65536 1 1.662195 os_paging
win1 netapp-7disk-sp 4 0 0 8192 1 0.874876 web_serber_log
win1 netapp-7disk-sp 4 80 80 8192 1 8.637280 workstations
win1 netapp-7disk-sp 4 75 95 65536 1 12.898902 web_file_server3
win1 netapp-7disk-sp 4 0 0 8192 1 0.874055 web_serber_log
win2 emc-5disk-sp 4 80 80 8192 1 6.120727 workstations
win2 emc-5disk-sp 4 0 0 8192 1 0.791952 web_serber_log
win2 emc-5disk-sp 4 75 95 4096 1 6.742198 web_file_server1
win2 emc-5disk-sp 4 0 0 8192 1 0.772751 web_serber_log
win1 netapp-7disk-sp 4 0 0 65536 1 1.283894 sql_server_log
win1 netapp-7disk-sp 4 0 0 65536 1 1.283382 sql_server_log
win1 netapp-7disk-sp 4 75 95 8192 1 18.894622 web_file_server2
win1 netapp-7disk-sp 4 75 95 4096 1 17.990403 web_file_server1
win2 emc-5disk-sp 4 75 95 8192 1 7.423222 web_file_server2
win2 emc-5disk-sp 4 100 67 4096 1 6.200305 exchange_server
win2 emc-5disk-sp 4 0 0 8192 1 0.809655 web_serber_log
win2 emc-5disk-sp 4 75 95 8192 1 7.434154 web_file_server2
win1 netapp-7disk-sp 2 75 95 65536 1 10.289465 web_file_server3
win1 netapp-7disk-sp 2 75 95 4096 1 7.344943 web_file_server1
win2 emc-5disk-sp 4 75 95 8192 1 16.653793 web_file_server2
win2 emc-5disk-sp 4 100 100 1048576 1 50.768037 decision_support_db
win2 emc-5disk-sp 4 0 0 8192 1 1.000637 web_serber_log
win2 emc-5disk-sp 4 100 100 1048576 1 51.951779 decision_support_db
win1 netapp-7disk-sp 4 100 67 4096 1 13.720322 exchange_server
win1 netapp-7disk-sp 4 100 67 4096 1 13.796582 exchange_server
win1 netapp-7disk-sp 4 0 0 8192 1 1.554489 web_serber_log
win1 netapp-7disk-sp 4 100 100 1048576 1 95.899200 decision_support_db
win2 emc-5disk-sp 4 0 98 65536 1 1.805915 media_streaming
win2 emc-5disk-sp 4 100 67 4096 1 10.838822 exchange_server
win2 emc-5disk-sp 4 0 90 65536 1 1.795678 os_paging
win2 emc-5disk-sp 4 0 0 65536 1 2.494619 sql_server_log
win1 netapp-7disk-sp 4 75 95 8192 1 11.135206 web_file_server2
win1 netapp-7disk-sp 4 100 67 4096 1 9.253450 exchange_server
win1 netapp-7disk-sp 4 75 95 4096 1 10.667066 web_file_server1
win1 netapp-7disk-sp 4 0 98 65536 1 1.654501 media_streaming
win2 emc-5disk-sp 3 0 0 65536 1 1.301307 sql_server_log
win2 emc-5disk-sp 3 0 0 65536 1 1.300792 sql_server_log
win2 emc-5disk-sp 3 0 0 8192 1 1.037939 web_serber_log
win1 netapp-7disk-sp 3 0 0 8192 1 0.975004 web_serber_log
win1 netapp-7disk-sp 3 75 95 8192 1 8.912186 web_file_server2
win1 netapp-7disk-sp 3 100 70 8192 1 8.592089 oltp_db
win1 netapp-7disk-sp 2 100 100 1048576 1 75.051204 decision_support_db
win1 netapp-7disk-sp 2 0 0 8192 1 0.744549 web_serber_log
win2 emc-5disk-sp 4 75 95 8192 1 7.417999 web_file_server2
win2 emc-5disk-sp 4 80 80 8192 1 6.863868 workstations
win2 emc-5disk-sp 4 100 67 4096 1 6.166719 exchange_server
win2 emc-5disk-sp 4 75 95 4096 1 8.109487 web_file_server1
win1 netapp-7disk-sp 2 100 100 1048576 1 77.923270 decision_support_db
win1 netapp-7disk-sp 2 75 95 65536 1 13.312132 web_file_server3
win2 emc-5disk-sp 3 80 80 8192 1 5.236025 workstations
win2 emc-5disk-sp 3 75 95 4096 1 5.648036 web_file_server1
win2 emc-5disk-sp 3 100 70 8192 1 5.196723 oltp_db
win1 netapp-7disk-sp 2 75 95 8192 1 19.165076 web_file_server2
win1 netapp-7disk-sp 2 0 0 65536 1 1.293716 sql_server_log
win2 emc-5disk-sp 3 100 67 4096 1 5.947141 exchange_server
win2 emc-5disk-sp 3 75 95 8192 1 6.613188 web_file_server2
win2 emc-5disk-sp 3 80 80 8192 1 6.027427 workstations
win1 netapp-7disk-sp 2 0 98 65536 1 1.174926 media_streaming
win1 netapp-7disk-sp 2 0 98 65536 1 1.174969 media_streaming
win2 emc-5disk-sp 3 0 0 65536 1 1.159800 sql_server_log
win2 emc-5disk-sp 3 80 80 8192 1 9.720790 workstations
win2 emc-5disk-sp 3 75 95 65536 1 13.811703 web_file_server3
win1 netapp-7disk-sp 4 75 95 4096 1 14.008429 web_file_server1
win1 netapp-7disk-sp 4 75 95 4096 1 13.975688 web_file_server1
win1 netapp-7disk-sp 4 75 95 65536 1 18.959398 web_file_server3
win1 netapp-7disk-sp 4 0 98 65536 1 1.597933 media_streaming
win2 emc-5disk-sp 3 0 0 8192 1 0.620269 web_serber_log
win2 emc-5disk-sp 3 75 95 65536 1 16.839094 web_file_server3
win2 emc-5disk-sp 3 0 98 65536 1 1.409156 media_streaming
win1 netapp-7disk-sp 3 75 95 8192 1 9.225754 web_file_server2
win1 netapp-7disk-sp 3 100 67 4096 1 8.112311 exchange_server
win1 netapp-7disk-sp 3 80 80 8192 1 8.765459 workstations
win2 emc-5disk-sp 4 75 95 65536 1 8.747780 web_file_server3
win2 emc-5disk-sp 4 100 70 8192 1 5.807420 oltp_db
win2 emc-5disk-sp 4 0 0 8192 1 0.584141 web_serber_log
win2 emc-5disk-sp 4 75 95 8192 1 6.868625 web_file_server2
win1 netapp-7disk-sp 4 75 95 65536 1 15.200647 web_file_server3
win1 netapp-7disk-sp 4 75 95 8192 1 11.103170 web_file_server2
win1 netapp-7disk-sp 4 75 95 8192 1 11.131608 web_file_server2
win1 netapp-7disk-sp 4 100 100 1048576 1 105.828621 decision_support_db
win2 emc-5disk-sp 3 0 98 65536 1 1.211053 media_streaming
win2 emc-5disk-sp 3 80 80 8192 1 8.140088 workstations
win2 emc-5disk-sp 3 75 95 4096 1 8.541773 web_file_server1
win1 netapp-7disk-sp 4 0 0 8192 1 1.043598 web_serber_log
win1 netapp-7disk-sp 4 0 0 65536 1 1.233255 sql_server_log
win1 netapp-7disk-sp 4 75 95 8192 1 34.560196 web_file_server2
win1 netapp-7disk-sp 4 75 95 8192 1 35.635627 web_file_server2
win1 netapp-7disk-sp 3 0 90 65536 1 1.631245 os_paging
win1 netapp-7disk-sp 3 100 67 4096 1 10.403167 exchange_server
win1 netapp-7disk-sp 3 0 90 65536 1 1.630915 os_paging
win2 emc-5disk-sp 3 0 0 8192 1 0.628006 web_serber_log
win2 emc-5disk-sp 3 75 95 4096 1 8.943693 web_file_server1
win2 emc-5disk-sp 3 0 98 65536 1 1.236036 media_streaming
win1 netapp-7disk-sp 4 0 0 65536 1 2.624829 sql_server_log
win1 netapp-7disk-sp 4 75 95 8192 1 18.573188 web_file_server2
win1 netapp-7disk-sp 4 75 95 8192 1 18.324427 web_file_server2
win1 netapp-7disk-sp 4 0 98 65536 1 2.624162 media_streaming
win2 emc-5disk-sp 4 75 95 4096 1 9.694529 web_file_server1
win2 emc-5disk-sp 4 0 98 65536 1 1.334903 media_streaming
win2 emc-5disk-sp 4 0 0 8192 1 0.639562 web_serber_log
win2 emc-5disk-sp 4 75 95 65536 1 15.236605 web_file_server3
win1 netapp-7disk-sp 2 75 95 65536 1 11.142838 web_file_server3
win1 netapp-7disk-sp 2 75 95 4096 1 8.021667 web_file_server1
win2 emc-5disk-sp 4 80 80 8192 1 9.884357 workstations
win2 emc-5disk-sp 4 0 98 65536 1 1.218660 media_streaming
win2 emc-5disk-sp 4 100 67 4096 1 9.160623 exchange_server
win2 emc-5disk-sp 4 0 98 65536 1 1.219056 media_streaming
win1 netapp-7disk-sp 2 75 95 8192 1 9.358957 web_file_server2
win1 netapp-7disk-sp 2 100 100 1048576 1 74.446581 decision_support_db
win2 emc-5disk-sp 3 100 100 1048576 1 41.954453 decision_support_db
win2 emc-5disk-sp 3 0 98 65536 1 1.475078 media_streaming
win2 emc-5disk-sp 3 75 95 8192 1 13.283192 web_file_server2
win1 netapp-7disk-sp 4 75 95 8192 1 14.800026 web_file_server2
win1 netapp-7disk-sp 4 75 95 65536 1 19.711775 web_file_server3
win1 netapp-7disk-sp 4 0 98 65536 1 2.002090 media_streaming
win1 netapp-7disk-sp 4 100 100 1048576 1 117.235297 decision_support_db
win2 emc-5disk-sp 3 75 95 4096 1 9.645091 web_file_server1
win2 emc-5disk-sp 3 100 67 4096 1 8.382682 exchange_server
win2 emc-5disk-sp 3 0 90 65536 1 1.361936 os_paging
win1 netapp-7disk-sp 4 100 70 8192 1 12.765786 oltp_db
win1 netapp-7disk-sp 4 0 0 8192 1 1.487345 web_serber_log
win1 netapp-7disk-sp 4 75 95 65536 1 15.050726 web_file_server3
win1 netapp-7disk-sp 4 80 80 8192 1 11.429081 workstations
win2 emc-5disk-sp 4 0 90 65536 1 1.906965 os_paging
win2 emc-5disk-sp 4 0 0 65536 1 2.655655 sql_server_log
win2 emc-5disk-sp 4 0 98 65536 1 1.907348 media_streaming
win2 emc-5disk-sp 4 100 100 1048576 1 60.108584 decision_support_db
win1 netapp-7disk-sp 3 0 90 65536 1 1.809612 os_paging
win1 netapp-7disk-sp 3 100 70 8192 1 10.378019 oltp_db
win1 netapp-7disk-sp 3 80 80 8192 1 10.720095 workstations
win2 emc-5disk-sp 4 100 100 1048576 1 50.532825 decision_support_db
win2 emc-5disk-sp 4 0 98 65536 1 1.706036 media_streaming
win2 emc-5disk-sp 4 0 0 8192 1 0.682607 web_serber_log
win2 emc-5disk-sp 4 100 67 4096 1 12.901869 exchange_server
win1 netapp-7disk-sp 4 100 100 1048576 1 113.706597 decision_support_db
win1 netapp-7disk-sp 4 75 95 4096 1 13.249647 web_file_server1
win1 netapp-7disk-sp 4 0 90 65536 1 2.239880 os_paging
win1 netapp-7disk-sp 4 75 95 8192 1 13.828307 web_file_server2
win2 emc-5disk-sp 3 0 0 8192 1 0.688168 web_serber_log
win2 emc-5disk-sp 3 0 0 65536 1 0.950921 sql_server_log
win2 emc-5disk-sp 3 75 95 4096 1 6.835058 web_file_server1
win1 netapp-7disk-sp 2 0 98 65536 1 1.481196 media_streaming
win1 netapp-7disk-sp 2 75 95 4096 1 8.661180 web_file_server1
win2 emc-5disk-sp 3 100 70 8192 1 9.235561 oltp_db
win2 emc-5disk-sp 3 0 90 65536 1 1.326678 os_paging
win2 emc-5disk-sp 3 0 0 8192 1 0.614077 web_serber_log
win1 netapp-7disk-sp 2 0 0 65536 1 1.226573 sql_server_log
win1 netapp-7disk-sp 2 75 95 8192 1 23.270367 web_file_server2
win2 emc-5disk-sp 1 0 90 65536 1 0.740405 os_paging
win1 netapp-7disk-sp 3 100 100 1048576 1 94.138964 decision_support_db
win1 netapp-7disk-sp 3 100 67 4096 1 9.220433 exchange_server
win1 netapp-7disk-sp 3 75 95 4096 1 10.411856 web_file_server1
win2 emc-5disk-sp 4 80 80 8192 1 10.924689 workstations
win2 emc-5disk-sp 4 100 100 1048576 1 39.704407 decision_support_db
win2 emc-5disk-sp 4 75 95 65536 1 17.072325 web_file_server3
win2 emc-5disk-sp 4 75 95 4096 1 11.430007 web_file_server1
win1 netapp-7disk-sp 2 100 70 8192 1 7.059035 oltp_db
win1 netapp-7disk-sp 2 75 95 65536 1 10.971540 web_file_server3
win2 emc-5disk-sp 3 100 100 1048576 1 53.826541 decision_support_db
win2 emc-5disk-sp 3 0 0 65536 1 1.045483 sql_server_log
win2 emc-5disk-sp 3 0 0 8192 1 0.734386 web_serber_log
win1 netapp-7disk-sp 4 0 98 65536 1 1.501480 media_streaming
win1 netapp-7disk-sp 4 0 98 65536 1 1.501298 media_streaming
win1 netapp-7disk-sp 4 0 90 65536 1 1.501432 os_paging
win1 netapp-7disk-sp 4 75 95 4096 1 9.094947 web_file_server1
win2 emc-5disk-sp 3 80 80 8192 1 15.053127 workstations
win2 emc-5disk-sp 3 0 0 65536 1 1.627757 sql_server_log
win2 emc-5disk-sp 3 0 90 65536 1 1.627448 os_paging
win1 netapp-7disk-sp 4 100 70 8192 1 14.045202 oltp_db
win1 netapp-7disk-sp 4 100 100 1048576 1 115.438470 decision_support_db
win1 netapp-7disk-sp 4 0 90 65536 1 2.152968 os_paging
win1 netapp-7disk-sp 4 0 90 65536 1 2.152693 os_paging
win2 emc-5disk-sp 4 100 67 4096 1 12.667140 exchange_server
win2 emc-5disk-sp 4 0 98 65536 1 1.663671 media_streaming
win2 emc-5disk-sp 4 0 0 65536 1 1.664933 sql_server_log
win2 emc-5disk-sp 4 0 0 65536 1 1.664112 sql_server_log
win1 netapp-7disk-sp 3 100 70 8192 1 15.254086 oltp_db
win1 netapp-7disk-sp 3 75 95 4096 1 14.026638 web_file_server1
win1 netapp-7disk-sp 3 0 0 65536 1 2.486861 sql_server_log
win2 emc-5disk-sp 3 80 80 8192 1 7.961090 workstations
win2 emc-5disk-sp 3 0 98 65536 1 1.097819 media_streaming
win2 emc-5disk-sp 3 0 98 65536 1 1.097313 media_streaming
win1 netapp-7disk-sp 2 75 95 65536 1 14.796327 web_file_server3
win1 netapp-7disk-sp 2 0 90 65536 1 1.525187 os_paging
win2 emc-5disk-sp 3 80 80 8192 1 8.704905 workstations
win2 emc-5disk-sp 3 75 95 4096 1 9.022465 web_file_server1
win2 emc-5disk-sp 3 0 98 65536 1 1.280458 media_streaming
win1 netapp-7disk-sp 3 100 67 4096 1 9.509494 exchange_server
win1 netapp-7disk-sp 3 100 100 1048576 1 102.625280 decision_support_db
win1 netapp-7disk-sp 3 100 67 4096 1 9.812316 exchange_server
win2 emc-5disk-sp 2 0 0 65536 1 0.874158 sql_server_log
win2 emc-5disk-sp 2 75 95 8192 1 6.489409 web_file_server2
win1 netapp-7disk-sp 3 0 90 65536 1 1.791188 os_paging
win1 netapp-7disk-sp 3 75 95 8192 1 11.424913 web_file_server2
win1 netapp-7disk-sp 3 100 70 8192 1 9.833576 oltp_db
win2 emc-5disk-sp 4 100 70 8192 1 9.717984 oltp_db
win2 emc-5disk-sp 4 100 100 1048576 1 40.057858 decision_support_db
win2 emc-5disk-sp 4 75 95 8192 1 11.698768 web_file_server2
win2 emc-5disk-sp 4 75 95 65536 1 16.314944 web_file_server3
